1545414307858	mozrunner::runner	INFO	Running command: "/Applications/Firefox.app/Contents/MacOS/firefox-bin" "-marionette" "-headless" "-foreground" "-no-remote" "-profile" "/var/folders/r0/ntmf9f85773cl0mzkwy6t6mm0000gn/T/rust_mozprofile.JtSxi7rELHeJ"
*** You are running in headless mode.
1545414308180	addons.webextension.screenshots@mozilla.org	WARN	Loading extension 'screenshots@mozilla.org': Reading manifest: Invalid host permission: resource://pdf.js/
1545414308180	addons.webextension.screenshots@mozilla.org	WARN	Loading extension 'screenshots@mozilla.org': Reading manifest: Invalid host permission: about:reader*
1545414309230	Marionette	INFO	Listening on port 54241
1545414309307	Marionette	WARN	TLS certificate errors will be ignored for this session
JavaScript warning: https://www.googletagmanager.com/gtag/js?id=DC-4599367, line 87: unreachable code after return statement
JavaScript warning: https://www.googletagmanager.com/gtag/js?id=DC-4599367, line 147: unreachable code after return statement
JavaScript warning: https://www.googletagmanager.com/gtag/js?id=DC-4599367, line 147: unreachable code after return statement
JavaScript warning: https://www.googletagmanager.com/gtag/js?id=DC-4599367, line 147: unreachable code after return statement
JavaScript warning: https://www.googletagmanager.com/gtag/js?id=DC-4599367, line 87: unreachable code after return statement
JavaScript warning: https://www.googletagmanager.com/gtag/js?id=DC-4599367, line 147: unreachable code after return statement
JavaScript warning: https://mathid.mathtag.com/d/i.js, line 1: unreachable code after return statement
JavaScript warning: https://mathid.mathtag.com/d/i.js, line 1: unreachable code after return statement
1545420634080	mozrunner::runner	INFO	Running command: "/Applications/Firefox.app/Contents/MacOS/firefox-bin" "-marionette" "-headless" "-foreground" "-no-remote" "-profile" "/var/folders/r0/ntmf9f85773cl0mzkwy6t6mm0000gn/T/rust_mozprofile.iGnZexVc0PvN"
*** You are running in headless mode.
1545420634420	addons.webextension.screenshots@mozilla.org	WARN	Loading extension 'screenshots@mozilla.org': Reading manifest: Invalid host permission: resource://pdf.js/
1545420634421	addons.webextension.screenshots@mozilla.org	WARN	Loading extension 'screenshots@mozilla.org': Reading manifest: Invalid host permission: about:reader*
1545420635513	Marionette	INFO	Listening on port 57565
1545420635618	Marionette	WARN	TLS certificate errors will be ignored for this session
JavaScript warning: https://www.googletagmanager.com/gtag/js?id=DC-4599367, line 87: unreachable code after return statement
JavaScript warning: https://www.googletagmanager.com/gtag/js?id=DC-4599367, line 147: unreachable code after return statement
JavaScript warning: https://www.googletagmanager.com/gtag/js?id=DC-4599367, line 147: unreachable code after return statement
JavaScript warning: https://www.googletagmanager.com/gtag/js?id=DC-4599367, line 147: unreachable code after return statement
JavaScript warning: https://www.googletagmanager.com/gtag/js?id=DC-4599367, line 87: unreachable code after return statement
JavaScript warning: https://www.googletagmanager.com/gtag/js?id=DC-4599367, line 147: unreachable code after return statement
JavaScript warning: https://mathid.mathtag.com/d/i.js, line 1: unreachable code after return statement
JavaScript warning: https://mathid.mathtag.com/d/i.js, line 1: unreachable code after return statement
JavaScript warning: https://www.adidas.com/static/on/demandware.static/Sites-adidas-US-Site/-/en_US/v1545380233876/js/adidas-build-COMMON.js, line 1: Error: WebGL warning: getContext: Disallowing antialiased backbuffers due to blacklisting.
JavaScript warning: https://www.adidas.com/static/on/demandware.static/Sites-adidas-US-Site/-/en_US/v1545380233876/js/adidas-build-COMMON.js, line 1: Error: WebGL warning: <SetDimensions>: Can't use WebGL in headless mode (https://bugzil.la/1375585).
JavaScript warning: https://www.adidas.com/static/on/demandware.static/Sites-adidas-US-Site/-/en_US/v1545380233876/js/adidas-build-COMMON.js, line 1: Error: WebGL warning: <SetDimensions>: Failed to create WebGL context: WebGL creation failed: 
* Can't use WebGL in headless mode (https://bugzil.la/1375585).
JavaScript warning: https://www.adidas.com/static/on/demandware.static/Sites-adidas-US-Site/-/en_US/v1545380233876/js/adidas-build-COMMON.js, line 1: Error: WebGL warning: getContext: Disallowing antialiased backbuffers due to blacklisting.
JavaScript warning: https://www.adidas.com/static/on/demandware.static/Sites-adidas-US-Site/-/en_US/v1545380233876/js/adidas-build-COMMON.js, line 1: Error: WebGL warning: <SetDimensions>: Can't use WebGL in headless mode (https://bugzil.la/1375585).
JavaScript warning: https://www.adidas.com/static/on/demandware.static/Sites-adidas-US-Site/-/en_US/v1545380233876/js/adidas-build-COMMON.js, line 1: Error: WebGL warning: <SetDimensions>: Failed to create WebGL context: WebGL creation failed: 
* Can't use WebGL in headless mode (https://bugzil.la/1375585).
JavaScript warning: https://h.online-metrix.net/fp/check.js?org_id=k8vif92e&session_id=adidasus9b89dd138356e953462fd09d3c, line 195: Error: WebGL warning: getContext: Disallowing antialiased backbuffers due to blacklisting.
JavaScript warning: https://h.online-metrix.net/fp/check.js?org_id=k8vif92e&session_id=adidasus9b89dd138356e953462fd09d3c, line 195: Error: WebGL warning: <SetDimensions>: Can't use WebGL in headless mode (https://bugzil.la/1375585).
JavaScript warning: https://h.online-metrix.net/fp/check.js?org_id=k8vif92e&session_id=adidasus9b89dd138356e953462fd09d3c, line 195: Error: WebGL warning: <SetDimensions>: Failed to create WebGL context: WebGL creation failed: 
* Can't use WebGL in headless mode (https://bugzil.la/1375585).
JavaScript warning: https://h.online-metrix.net/fp/check.js?org_id=k8vif92e&session_id=adidasus9b89dd138356e953462fd09d3c, line 195: Error: WebGL warning: getContext: Disallowing antialiased backbuffers due to blacklisting.
JavaScript warning: https://h.online-metrix.net/fp/check.js?org_id=k8vif92e&session_id=adidasus9b89dd138356e953462fd09d3c, line 195: Error: WebGL warning: <SetDimensions>: Can't use WebGL in headless mode (https://bugzil.la/1375585).
JavaScript warning: https://h.online-metrix.net/fp/check.js?org_id=k8vif92e&session_id=adidasus9b89dd138356e953462fd09d3c, line 195: Error: WebGL warning: <SetDimensions>: Failed to create WebGL context: WebGL creation failed: 
* Can't use WebGL in headless mode (https://bugzil.la/1375585).
JavaScript warning: https://www.adidas.com/static/on/demandware.static/Sites-adidas-US-Site/-/en_US/v1545380233876/js/adidas-build-COMMON.js, line 1: Error: WebGL warning: getContext: Disallowing antialiased backbuffers due to blacklisting.
JavaScript warning: https://www.adidas.com/static/on/demandware.static/Sites-adidas-US-Site/-/en_US/v1545380233876/js/adidas-build-COMMON.js, line 1: Error: WebGL warning: <SetDimensions>: Can't use WebGL in headless mode (https://bugzil.la/1375585).
JavaScript warning: https://www.adidas.com/static/on/demandware.static/Sites-adidas-US-Site/-/en_US/v1545380233876/js/adidas-build-COMMON.js, line 1: Error: WebGL warning: <SetDimensions>: Failed to create WebGL context: WebGL creation failed: 
* Can't use WebGL in headless mode (https://bugzil.la/1375585).
JavaScript warning: https://www.adidas.com/static/on/demandware.static/Sites-adidas-US-Site/-/en_US/v1545380233876/js/adidas-build-COMMON.js, line 1: Error: WebGL warning: getContext: Disallowing antialiased backbuffers due to blacklisting.
JavaScript warning: https://www.adidas.com/static/on/demandware.static/Sites-adidas-US-Site/-/en_US/v1545380233876/js/adidas-build-COMMON.js, line 1: Error: WebGL warning: <SetDimensions>: Can't use WebGL in headless mode (https://bugzil.la/1375585).
JavaScript warning: https://www.adidas.com/static/on/demandware.static/Sites-adidas-US-Site/-/en_US/v1545380233876/js/adidas-build-COMMON.js, line 1: Error: WebGL warning: <SetDimensions>: Failed to create WebGL context: WebGL creation failed: 
* Can't use WebGL in headless mode (https://bugzil.la/1375585).
JavaScript warning: https://live.adyen.com/hpp/js/df.js?v=20181221, line 1: Error: WebGL warning: getContext: Disallowing antialiased backbuffers due to blacklisting.
JavaScript warning: https://live.adyen.com/hpp/js/df.js?v=20181221, line 1: Error: WebGL warning: <SetDimensions>: Can't use WebGL in headless mode (https://bugzil.la/1375585).
JavaScript warning: https://live.adyen.com/hpp/js/df.js?v=20181221, line 1: Error: WebGL warning: <SetDimensions>: Failed to create WebGL context: WebGL creation failed: 
* Can't use WebGL in headless mode (https://bugzil.la/1375585).
JavaScript warning: https://live.adyen.com/hpp/js/df.js?v=20181221, line 1: Error: WebGL warning: getContext: Disallowing antialiased backbuffers due to blacklisting.
JavaScript warning: https://live.adyen.com/hpp/js/df.js?v=20181221, line 1: Error: WebGL warning: <SetDimensions>: Can't use WebGL in headless mode (https://bugzil.la/1375585).
JavaScript warning: https://live.adyen.com/hpp/js/df.js?v=20181221, line 1: Error: WebGL warning: <SetDimensions>: Failed to create WebGL context: WebGL creation failed: 
* Can't use WebGL in headless mode (https://bugzil.la/1375585).
JavaScript error: https://h.online-metrix.net/fp/check.js?org_id=k8vif92e&session_id=adidasus9b89dd138356e953462fd09d3c, line 42: TypeError: td_3a is undefined
JavaScript warning: https://h.online-metrix.net/fp/check.js?org_id=k8vif92e&session_id=adidasus9b89dd138356e953462fd09d3c, line 206: Error: WebGL warning: getContext: Disallowing antialiased backbuffers due to blacklisting.
JavaScript warning: https://h.online-metrix.net/fp/check.js?org_id=k8vif92e&session_id=adidasus9b89dd138356e953462fd09d3c, line 206: Error: WebGL warning: <SetDimensions>: Can't use WebGL in headless mode (https://bugzil.la/1375585).
JavaScript warning: https://h.online-metrix.net/fp/check.js?org_id=k8vif92e&session_id=adidasus9b89dd138356e953462fd09d3c, line 206: Error: WebGL warning: <SetDimensions>: Failed to create WebGL context: WebGL creation failed: 
* Can't use WebGL in headless mode (https://bugzil.la/1375585).
JavaScript warning: https://h.online-metrix.net/fp/check.js?org_id=k8vif92e&session_id=adidasus9b89dd138356e953462fd09d3c, line 206: Error: WebGL warning: getContext: Disallowing antialiased backbuffers due to blacklisting.
JavaScript warning: https://h.online-metrix.net/fp/check.js?org_id=k8vif92e&session_id=adidasus9b89dd138356e953462fd09d3c, line 206: Error: WebGL warning: <SetDimensions>: Can't use WebGL in headless mode (https://bugzil.la/1375585).
JavaScript warning: https://h.online-metrix.net/fp/check.js?org_id=k8vif92e&session_id=adidasus9b89dd138356e953462fd09d3c, line 206: Error: WebGL warning: <SetDimensions>: Failed to create WebGL context: WebGL creation failed: 
* Can't use WebGL in headless mode (https://bugzil.la/1375585).
JavaScript warning: https://h.online-metrix.net/fp/check.js?org_id=k8vif92e&session_id=adidasus9b89dd138356e953462fd09d3c, line 5: Error: WebGL warning: getContext: Disallowing antialiased backbuffers due to blacklisting.
JavaScript warning: https://h.online-metrix.net/fp/check.js?org_id=k8vif92e&session_id=adidasus9b89dd138356e953462fd09d3c, line 5: Error: WebGL warning: <SetDimensions>: Can't use WebGL in headless mode (https://bugzil.la/1375585).
JavaScript warning: https://h.online-metrix.net/fp/check.js?org_id=k8vif92e&session_id=adidasus9b89dd138356e953462fd09d3c, line 5: Error: WebGL warning: <SetDimensions>: Failed to create WebGL context: WebGL creation failed: 
* Can't use WebGL in headless mode (https://bugzil.la/1375585).
JavaScript warning: https://h.online-metrix.net/fp/check.js?org_id=k8vif92e&session_id=adidasus9b89dd138356e953462fd09d3c, line 5: Error: WebGL warning: getContext: Disallowing antialiased backbuffers due to blacklisting.
JavaScript warning: https://h.online-metrix.net/fp/check.js?org_id=k8vif92e&session_id=adidasus9b89dd138356e953462fd09d3c, line 5: Error: WebGL warning: <SetDimensions>: Can't use WebGL in headless mode (https://bugzil.la/1375585).
JavaScript warning: https://h.online-metrix.net/fp/check.js?org_id=k8vif92e&session_id=adidasus9b89dd138356e953462fd09d3c, line 5: Error: WebGL warning: <SetDimensions>: Failed to create WebGL context: WebGL creation failed: 
* Can't use WebGL in headless mode (https://bugzil.la/1375585).
JavaScript error: https://h.online-metrix.net/fp/check.js?org_id=k8vif92e&session_id=adidasus9b89dd138356e953462fd09d3c, line 174: TypeError: td_0O is not a function
JavaScript error: https://h.online-metrix.net/fp/check.js?org_id=k8vif92e&session_id=adidasus9b89dd138356e953462fd09d3c, line 192: TypeError: td_2P is not a function
1545420665482	Marionette	INFO	Stopped listening on port 57565
